2025-01-05 21:50:21,137 - lightrag - INFO - 🔍 Expression de filtrage : id in ["ent-cc9cdfbcd9f3d90f303b79f118b93390", "ent-cbbc1cd12a3fa7e9ddc0d1c89c179e3c", "ent-812b94eb454835665e25797809c1d137"]
2025-01-05 21:50:25,562 - lightrag - INFO - Résultats de recherche - Nombre de résultats: 3
2025-01-05 21:50:28,245 - lightrag - INFO - Nombre de node_datas : 3
2025-01-05 21:50:28,245 - lightrag - INFO - Node 0 - Clés disponibles : ['entity_type', 'custom_id', 'description', 'source_id', 'entity_id', 'entity_name', 'rank']
2025-01-05 21:50:28,245 - lightrag - INFO - Node 1 - Clés disponibles : ['entity_type', 'description', 'source_id', 'entity_id', 'entity_name', 'rank']
2025-01-05 21:50:28,245 - lightrag - INFO - Node 2 - Clés disponibles : ['entity_type', 'description', 'source_id', 'entity_id', 'entity_name', 'rank']
2025-01-05 21:50:28,245 - lightrag - INFO - Nombre de relations : 2
2025-01-05 21:50:28,245 - lightrag - INFO - Relation 0 - Clés disponibles : ['src_tgt', 'rank', 'relation_id', 'keywords', 'weight', 'description', 'source_id', 'type']
2025-01-05 21:50:28,245 - lightrag - INFO - Relation 0 - weight: 1.9
2025-01-05 21:50:28,245 - lightrag - INFO - Relation 1 - Clés disponibles : ['src_tgt', 'rank', 'relation_id', 'keywords', 'weight', 'description', 'source_id', 'type']
2025-01-05 21:50:28,245 - lightrag - INFO - Relation 1 - weight: 1.85
2025-01-05 21:50:28,897 - lightrag - INFO - 🔍 Expression de filtrage : id in ["rel-4c22270f8cca6f854fec8d8e76fc1fba", "rel-afdcfcf494c55b98cf388a691b1e7230"]
2025-01-05 21:50:28,914 - lightrag - INFO - Résultats de recherche - Nombre de résultats: 2
2025-01-05 21:23:39,581 - lightrag - WARNING - high_level_keywords is empty
2025-01-05 21:27:38,902 - lightrag - WARNING - low_level_keywords is empty
2025-01-05 21:30:35,321 - lightrag - WARNING - low_level_keywords is empty
2025-01-05 21:31:55,322 - lightrag - WARNING - low_level_keywords is empty
2025-01-05 21:32:40,901 - lightrag - WARNING - high_level_keywords is empty
2025-01-05 21:34:48,250 - lightrag - WARNING - low_level_keywords is empty
2025-01-05 21:35:56,130 - lightrag - WARNING - high_level_keywords is empty
2025-01-05 21:38:25,655 - lightrag - WARNING - high_level_keywords is empty
2025-01-05 21:40:45,947 - lightrag - INFO - 🔍 Expression de filtrage : id in ["ent-eeaee21bfd108b31f520020b46050375", "ent-a951f20edbb6074fadafc90190ab0803", "ent-812b94eb454835665e25797809c1d137", "ent-cbbc1cd12a3fa7e9ddc0d1c89c179e3c", "ent-13c22d15662d613848defa8bf5bbb957"]
2025-01-05 21:40:45,970 - lightrag - INFO - Résultats de recherche - Nombre de résultats: 5
2025-01-05 21:40:46,479 - lightrag - INFO - Nombre de node_datas : 5
2025-01-05 21:40:46,479 - lightrag - INFO - Node 0 - Clés disponibles : ['entity_type', 'custom_id', 'description', 'source_id', 'entity_id', 'entity_name', 'rank']
2025-01-05 21:40:46,479 - lightrag - INFO - Node 1 - Clés disponibles : ['entity_type', 'description', 'source_id', 'entity_id', 'entity_name', 'rank']
2025-01-05 21:40:46,479 - lightrag - INFO - Node 2 - Clés disponibles : ['entity_type', 'description', 'source_id', 'entity_id', 'entity_name', 'rank']
2025-01-05 21:40:46,480 - lightrag - INFO - Node 3 - Clés disponibles : ['entity_type', 'description', 'source_id', 'entity_id', 'entity_name', 'rank']
2025-01-05 21:40:46,480 - lightrag - INFO - Node 4 - Clés disponibles : ['entity_type', 'description', 'source_id', 'entity_id', 'entity_name', 'rank']
2025-01-05 21:40:46,480 - lightrag - INFO - Nombre de relations : 4
2025-01-05 21:40:46,480 - lightrag - INFO - Relation 0 - Clés disponibles : ['src_tgt', 'rank', 'relation_id', 'keywords', 'weight', 'description', 'source_id', 'type']
2025-01-05 21:40:46,481 - lightrag - INFO - Relation 0 - weight: 1.85
2025-01-05 21:40:46,481 - lightrag - INFO - Relation 1 - Clés disponibles : ['src_tgt', 'rank', 'relation_id', 'keywords', 'weight', 'description', 'source_id', 'type']
2025-01-05 21:40:46,481 - lightrag - INFO - Relation 1 - weight: 1.85
2025-01-05 21:40:46,481 - lightrag - INFO - Relation 2 - Clés disponibles : ['src_tgt', 'rank', 'relation_id', 'keywords', 'weight', 'description', 'source_id', 'type']
2025-01-05 21:40:46,482 - lightrag - INFO - Relation 2 - weight: 1.85
2025-01-05 21:40:46,482 - lightrag - INFO - Relation 3 - Clés disponibles : ['src_tgt', 'rank', 'relation_id', 'keywords', 'weight', 'description', 'source_id', 'type']
2025-01-05 21:40:46,482 - lightrag - INFO - Relation 3 - weight: 1.85
2025-01-05 21:40:46,981 - lightrag - INFO - 🔍 Expression de filtrage : id in ["rel-91a776201af05595a86a0431dbf14f9e", "rel-ac1957a07eebf6da1c0ba00fad89062f", "rel-7d3545affe9ea46cb23a1a83a99827b6", "rel-afdcfcf494c55b98cf388a691b1e7230"]
2025-01-05 21:40:46,994 - lightrag - INFO - Résultats de recherche - Nombre de résultats: 4
2025-01-05 21:42:02,310 - lightrag - INFO - 🔍 Expression de filtrage : id in ["ent-eeaee21bfd108b31f520020b46050375", "ent-a951f20edbb6074fadafc90190ab0803", "ent-812b94eb454835665e25797809c1d137", "ent-cbbc1cd12a3fa7e9ddc0d1c89c179e3c", "ent-13c22d15662d613848defa8bf5bbb957"]
2025-01-05 21:42:02,335 - lightrag - INFO - Résultats de recherche - Nombre de résultats: 5
2025-01-05 21:42:02,627 - lightrag - INFO - Nombre de node_datas : 5
2025-01-05 21:42:02,627 - lightrag - INFO - Node 0 - Clés disponibles : ['entity_type', 'custom_id', 'description', 'source_id', 'entity_id', 'entity_name', 'rank']
2025-01-05 21:42:02,628 - lightrag - INFO - Node 1 - Clés disponibles : ['entity_type', 'description', 'source_id', 'entity_id', 'entity_name', 'rank']
2025-01-05 21:42:02,628 - lightrag - INFO - Node 2 - Clés disponibles : ['entity_type', 'description', 'source_id', 'entity_id', 'entity_name', 'rank']
2025-01-05 21:42:02,628 - lightrag - INFO - Node 3 - Clés disponibles : ['entity_type', 'description', 'source_id', 'entity_id', 'entity_name', 'rank']
2025-01-05 21:42:02,629 - lightrag - INFO - Node 4 - Clés disponibles : ['entity_type', 'description', 'source_id', 'entity_id', 'entity_name', 'rank']
2025-01-05 21:42:02,629 - lightrag - INFO - Nombre de relations : 4
2025-01-05 21:42:02,629 - lightrag - INFO - Relation 0 - Clés disponibles : ['src_tgt', 'rank', 'relation_id', 'keywords', 'weight', 'description', 'source_id', 'type']
2025-01-05 21:42:02,630 - lightrag - INFO - Relation 0 - weight: 1.85
2025-01-05 21:42:02,631 - lightrag - INFO - Relation 1 - Clés disponibles : ['src_tgt', 'rank', 'relation_id', 'keywords', 'weight', 'description', 'source_id', 'type']
2025-01-05 21:42:02,631 - lightrag - INFO - Relation 1 - weight: 1.85
2025-01-05 21:42:02,632 - lightrag - INFO - Relation 2 - Clés disponibles : ['src_tgt', 'rank', 'relation_id', 'keywords', 'weight', 'description', 'source_id', 'type']
2025-01-05 21:42:02,632 - lightrag - INFO - Relation 2 - weight: 1.85
2025-01-05 21:42:02,632 - lightrag - INFO - Relation 3 - Clés disponibles : ['src_tgt', 'rank', 'relation_id', 'keywords', 'weight', 'description', 'source_id', 'type']
2025-01-05 21:42:02,632 - lightrag - INFO - Relation 3 - weight: 1.85
2025-01-05 21:42:03,373 - lightrag - INFO - 🔍 Expression de filtrage : id in ["rel-91a776201af05595a86a0431dbf14f9e", "rel-ac1957a07eebf6da1c0ba00fad89062f", "rel-7d3545affe9ea46cb23a1a83a99827b6", "rel-afdcfcf494c55b98cf388a691b1e7230"]
2025-01-05 21:42:03,386 - lightrag - INFO - Résultats de recherche - Nombre de résultats: 4
2025-01-05 21:43:49,031 - lightrag - WARNING - low_level_keywords is empty
2025-01-05 21:44:12,098 - lightrag - WARNING - high_level_keywords is empty
2025-01-05 21:56:18,607 - lightrag - WARNING - high_level_keywords is empty
2025-01-05 21:57:36,138 - lightrag - WARNING - high_level_keywords is empty
2025-01-05 22:01:28,189 - lightrag - INFO - 🔍 Expression de filtrage : id in ["ent-cbbc1cd12a3fa7e9ddc0d1c89c179e3c", "ent-812b94eb454835665e25797809c1d137", "ent-eeaee21bfd108b31f520020b46050375", "ent-13c22d15662d613848defa8bf5bbb957", "ent-a951f20edbb6074fadafc90190ab0803"]
2025-01-05 22:01:28,210 - lightrag - INFO - Résultats de recherche - Nombre de résultats: 5
2025-01-05 22:01:28,744 - lightrag - INFO - Nombre de node_datas : 5
2025-01-05 22:01:28,744 - lightrag - INFO - Node 0 - Clés disponibles : ['entity_type', 'custom_id', 'description', 'source_id', 'entity_id', 'entity_name', 'rank']
2025-01-05 22:01:28,745 - lightrag - INFO - Node 1 - Clés disponibles : ['entity_type', 'description', 'source_id', 'entity_id', 'entity_name', 'rank']
2025-01-05 22:01:28,745 - lightrag - INFO - Node 2 - Clés disponibles : ['entity_type', 'description', 'source_id', 'entity_id', 'entity_name', 'rank']
2025-01-05 22:01:28,745 - lightrag - INFO - Node 3 - Clés disponibles : ['entity_type', 'description', 'source_id', 'entity_id', 'entity_name', 'rank']
2025-01-05 22:01:28,745 - lightrag - INFO - Node 4 - Clés disponibles : ['entity_type', 'description', 'source_id', 'entity_id', 'entity_name', 'rank']
2025-01-05 22:01:28,746 - lightrag - INFO - Nombre de relations : 4
2025-01-05 22:01:28,746 - lightrag - INFO - Relation 0 - Clés disponibles : ['src_tgt', 'rank', 'relation_id', 'keywords', 'weight', 'description', 'source_id', 'type']
2025-01-05 22:01:28,746 - lightrag - INFO - Relation 0 - weight: 1.85
2025-01-05 22:01:28,746 - lightrag - INFO - Relation 1 - Clés disponibles : ['src_tgt', 'rank', 'relation_id', 'keywords', 'weight', 'description', 'source_id', 'type']
2025-01-05 22:01:28,747 - lightrag - INFO - Relation 1 - weight: 1.85
2025-01-05 22:01:28,747 - lightrag - INFO - Relation 2 - Clés disponibles : ['src_tgt', 'rank', 'relation_id', 'keywords', 'weight', 'description', 'source_id', 'type']
2025-01-05 22:01:28,747 - lightrag - INFO - Relation 2 - weight: 1.85
2025-01-05 22:01:28,747 - lightrag - INFO - Relation 3 - Clés disponibles : ['src_tgt', 'rank', 'relation_id', 'keywords', 'weight', 'description', 'source_id', 'type']
2025-01-05 22:01:28,748 - lightrag - INFO - Relation 3 - weight: 1.85
2025-01-05 22:01:29,261 - lightrag - INFO - 🔍 Expression de filtrage : id in ["rel-91a776201af05595a86a0431dbf14f9e", "rel-afdcfcf494c55b98cf388a691b1e7230", "rel-ac1957a07eebf6da1c0ba00fad89062f", "rel-7d3545affe9ea46cb23a1a83a99827b6"]
2025-01-05 22:01:29,275 - lightrag - INFO - Résultats de recherche - Nombre de résultats: 4
2025-01-05 22:05:37,941 - lightrag - INFO - 🔍 Expression de filtrage : id in ["ent-cbbc1cd12a3fa7e9ddc0d1c89c179e3c", "ent-812b94eb454835665e25797809c1d137", "ent-eeaee21bfd108b31f520020b46050375", "ent-13c22d15662d613848defa8bf5bbb957", "ent-a951f20edbb6074fadafc90190ab0803"]
2025-01-05 22:05:37,950 - lightrag - INFO - Résultats de recherche - Nombre de résultats: 5
2025-01-05 22:05:38,486 - lightrag - INFO - Nombre de node_datas : 5
2025-01-05 22:05:38,487 - lightrag - INFO - Node 0 - Clés disponibles : ['entity_type', 'custom_id', 'description', 'source_id', 'entity_id', 'entity_name', 'rank']
2025-01-05 22:05:38,487 - lightrag - INFO - Node 1 - Clés disponibles : ['entity_type', 'description', 'source_id', 'entity_id', 'entity_name', 'rank']
2025-01-05 22:05:38,488 - lightrag - INFO - Node 2 - Clés disponibles : ['entity_type', 'description', 'source_id', 'entity_id', 'entity_name', 'rank']
2025-01-05 22:05:38,488 - lightrag - INFO - Node 3 - Clés disponibles : ['entity_type', 'description', 'source_id', 'entity_id', 'entity_name', 'rank']
2025-01-05 22:05:38,489 - lightrag - INFO - Node 4 - Clés disponibles : ['entity_type', 'description', 'source_id', 'entity_id', 'entity_name', 'rank']
2025-01-05 22:05:38,490 - lightrag - INFO - Nombre de relations : 4
2025-01-05 22:05:38,490 - lightrag - INFO - Relation 0 - Clés disponibles : ['src_tgt', 'rank', 'relation_id', 'keywords', 'weight', 'description', 'source_id', 'type']
2025-01-05 22:05:38,491 - lightrag - INFO - Relation 0 - weight: 1.85
2025-01-05 22:05:38,491 - lightrag - INFO - Relation 1 - Clés disponibles : ['src_tgt', 'rank', 'relation_id', 'keywords', 'weight', 'description', 'source_id', 'type']
2025-01-05 22:05:38,491 - lightrag - INFO - Relation 1 - weight: 1.85
2025-01-05 22:05:38,492 - lightrag - INFO - Relation 2 - Clés disponibles : ['src_tgt', 'rank', 'relation_id', 'keywords', 'weight', 'description', 'source_id', 'type']
2025-01-05 22:05:38,492 - lightrag - INFO - Relation 2 - weight: 1.85
2025-01-05 22:05:38,493 - lightrag - INFO - Relation 3 - Clés disponibles : ['src_tgt', 'rank', 'relation_id', 'keywords', 'weight', 'description', 'source_id', 'type']
2025-01-05 22:05:38,494 - lightrag - INFO - Relation 3 - weight: 1.85
2025-01-05 22:05:39,049 - lightrag - INFO - 🔍 Expression de filtrage : id in ["rel-afdcfcf494c55b98cf388a691b1e7230", "rel-91a776201af05595a86a0431dbf14f9e", "rel-ac1957a07eebf6da1c0ba00fad89062f", "rel-7d3545affe9ea46cb23a1a83a99827b6"]
2025-01-05 22:05:39,057 - lightrag - INFO - Résultats de recherche - Nombre de résultats: 4
2025-01-05 22:06:01,910 - lightrag - WARNING - low_level_keywords is empty
2025-01-05 22:06:33,736 - lightrag - INFO - 🔍 Expression de filtrage : id in ["ent-cbbc1cd12a3fa7e9ddc0d1c89c179e3c", "ent-812b94eb454835665e25797809c1d137", "ent-eeaee21bfd108b31f520020b46050375", "ent-13c22d15662d613848defa8bf5bbb957", "ent-a951f20edbb6074fadafc90190ab0803"]
2025-01-05 22:06:33,761 - lightrag - INFO - Résultats de recherche - Nombre de résultats: 5
2025-01-05 22:06:34,041 - lightrag - INFO - Nombre de node_datas : 5
2025-01-05 22:06:34,042 - lightrag - INFO - Node 0 - Clés disponibles : ['entity_type', 'custom_id', 'description', 'source_id', 'entity_id', 'entity_name', 'rank']
2025-01-05 22:06:34,042 - lightrag - INFO - Node 1 - Clés disponibles : ['entity_type', 'description', 'source_id', 'entity_id', 'entity_name', 'rank']
2025-01-05 22:06:34,042 - lightrag - INFO - Node 2 - Clés disponibles : ['entity_type', 'description', 'source_id', 'entity_id', 'entity_name', 'rank']
2025-01-05 22:06:34,043 - lightrag - INFO - Node 3 - Clés disponibles : ['entity_type', 'description', 'source_id', 'entity_id', 'entity_name', 'rank']
2025-01-05 22:06:34,043 - lightrag - INFO - Node 4 - Clés disponibles : ['entity_type', 'description', 'source_id', 'entity_id', 'entity_name', 'rank']
2025-01-05 22:06:34,044 - lightrag - INFO - Nombre de relations : 4
2025-01-05 22:06:34,044 - lightrag - INFO - Relation 0 - Clés disponibles : ['src_tgt', 'rank', 'relation_id', 'keywords', 'weight', 'description', 'source_id', 'type']
2025-01-05 22:06:34,044 - lightrag - INFO - Relation 0 - weight: 1.85
2025-01-05 22:06:34,045 - lightrag - INFO - Relation 1 - Clés disponibles : ['src_tgt', 'rank', 'relation_id', 'keywords', 'weight', 'description', 'source_id', 'type']
2025-01-05 22:06:34,045 - lightrag - INFO - Relation 1 - weight: 1.85
2025-01-05 22:06:34,046 - lightrag - INFO - Relation 2 - Clés disponibles : ['src_tgt', 'rank', 'relation_id', 'keywords', 'weight', 'description', 'source_id', 'type']
2025-01-05 22:06:34,046 - lightrag - INFO - Relation 2 - weight: 1.85
2025-01-05 22:06:34,046 - lightrag - INFO - Relation 3 - Clés disponibles : ['src_tgt', 'rank', 'relation_id', 'keywords', 'weight', 'description', 'source_id', 'type']
2025-01-05 22:06:34,047 - lightrag - INFO - Relation 3 - weight: 1.85
2025-01-05 22:06:35,010 - lightrag - INFO - 🔍 Expression de filtrage : id in ["rel-afdcfcf494c55b98cf388a691b1e7230", "rel-91a776201af05595a86a0431dbf14f9e", "rel-ac1957a07eebf6da1c0ba00fad89062f", "rel-7d3545affe9ea46cb23a1a83a99827b6"]
2025-01-05 22:06:35,026 - lightrag - INFO - Résultats de recherche - Nombre de résultats: 4
2025-01-05 22:07:49,013 - lightrag - ERROR - 🌐 Aucun filtre d'ID spécifié, exportation de toute la collection
2025-01-05 22:07:49,027 - lightrag - INFO - Résultats de recherche - Nombre de résultats: 51
2025-01-05 22:07:52,876 - lightrag - INFO - Nombre de node_datas : 51
2025-01-05 22:07:52,876 - lightrag - INFO - Node 0 - Clés disponibles : ['entity_type', 'custom_id', 'description', 'source_id', 'entity_id', 'entity_name', 'rank']
2025-01-05 22:07:52,877 - lightrag - INFO - Node 1 - Clés disponibles : ['entity_type', 'description', 'source_id', 'entity_id', 'entity_name', 'rank']
2025-01-05 22:07:52,877 - lightrag - INFO - Node 2 - Clés disponibles : ['entity_type', 'custom_id', 'description', 'source_id', 'entity_id', 'entity_name', 'rank']
2025-01-05 22:07:52,877 - lightrag - INFO - Node 3 - Clés disponibles : ['entity_type', 'description', 'source_id', 'entity_id', 'entity_name', 'rank']
2025-01-05 22:07:52,878 - lightrag - INFO - Node 4 - Clés disponibles : ['entity_type', 'description', 'source_id', 'entity_id', 'entity_name', 'rank']
2025-01-05 22:07:52,878 - lightrag - INFO - Node 5 - Clés disponibles : ['entity_type', 'description', 'source_id', 'entity_id', 'entity_name', 'rank']
2025-01-05 22:07:52,878 - lightrag - INFO - Node 6 - Clés disponibles : ['entity_type', 'description', 'source_id', 'entity_id', 'entity_name', 'rank']
2025-01-05 22:07:52,879 - lightrag - INFO - Node 7 - Clés disponibles : ['entity_type', 'description', 'source_id', 'entity_id', 'entity_name', 'rank']
2025-01-05 22:07:52,879 - lightrag - INFO - Node 8 - Clés disponibles : ['entity_type', 'description', 'source_id', 'entity_id', 'entity_name', 'rank']
2025-01-05 22:07:52,880 - lightrag - INFO - Node 9 - Clés disponibles : ['entity_type', 'description', 'source_id', 'entity_id', 'entity_name', 'rank']
2025-01-05 22:07:52,880 - lightrag - INFO - Node 10 - Clés disponibles : ['entity_type', 'description', 'source_id', 'entity_id', 'entity_name', 'rank']
2025-01-05 22:07:52,880 - lightrag - INFO - Node 11 - Clés disponibles : ['entity_type', 'description', 'source_id', 'entity_id', 'entity_name', 'rank']
2025-01-05 22:07:52,881 - lightrag - INFO - Node 12 - Clés disponibles : ['entity_type', 'description', 'source_id', 'entity_id', 'entity_name', 'rank']
2025-01-05 22:07:52,881 - lightrag - INFO - Node 13 - Clés disponibles : ['entity_type', 'description', 'source_id', 'entity_id', 'entity_name', 'rank']
2025-01-05 22:07:52,882 - lightrag - INFO - Node 14 - Clés disponibles : ['entity_type', 'description', 'source_id', 'entity_id', 'entity_name', 'rank']
2025-01-05 22:07:52,882 - lightrag - INFO - Node 15 - Clés disponibles : ['entity_type', 'description', 'source_id', 'entity_id', 'entity_name', 'rank']
2025-01-05 22:07:52,882 - lightrag - INFO - Node 16 - Clés disponibles : ['entity_type', 'description', 'source_id', 'entity_id', 'entity_name', 'rank']
2025-01-05 22:07:52,882 - lightrag - INFO - Node 17 - Clés disponibles : ['entity_type', 'description', 'source_id', 'entity_id', 'entity_name', 'rank']
2025-01-05 22:07:52,883 - lightrag - INFO - Node 18 - Clés disponibles : ['entity_type', 'city_conflict', 'custom_id', 'description', 'source_id', 'entity_id', 'entity_name', 'rank']
2025-01-05 22:07:52,883 - lightrag - INFO - Node 19 - Clés disponibles : ['entity_type', 'description', 'source_id', 'entity_id', 'entity_name', 'rank']
2025-01-05 22:07:52,883 - lightrag - INFO - Node 20 - Clés disponibles : ['entity_type', 'description', 'source_id', 'entity_id', 'entity_name', 'rank']
2025-01-05 22:07:52,883 - lightrag - INFO - Node 21 - Clés disponibles : ['entity_type', 'description', 'source_id', 'entity_id', 'entity_name', 'rank']
2025-01-05 22:07:52,884 - lightrag - INFO - Node 22 - Clés disponibles : ['entity_type', 'description', 'source_id', 'entity_id', 'entity_name', 'rank']
2025-01-05 22:07:52,884 - lightrag - INFO - Node 23 - Clés disponibles : ['entity_type', 'description', 'source_id', 'entity_id', 'entity_name', 'rank']
2025-01-05 22:07:52,884 - lightrag - INFO - Node 24 - Clés disponibles : ['entity_type', 'description', 'source_id', 'entity_id', 'entity_name', 'rank']
2025-01-05 22:07:52,884 - lightrag - INFO - Node 25 - Clés disponibles : ['entity_type', 'description', 'source_id', 'entity_id', 'entity_name', 'rank']
2025-01-05 22:07:52,885 - lightrag - INFO - Node 26 - Clés disponibles : ['entity_type', 'description', 'source_id', 'entity_id', 'entity_name', 'rank']
2025-01-05 22:07:52,885 - lightrag - INFO - Node 27 - Clés disponibles : ['entity_type', 'description', 'source_id', 'entity_id', 'entity_name', 'rank']
2025-01-05 22:07:52,886 - lightrag - INFO - Node 28 - Clés disponibles : ['entity_type', 'description', 'source_id', 'entity_id', 'entity_name', 'rank']
2025-01-05 22:07:52,886 - lightrag - INFO - Node 29 - Clés disponibles : ['entity_type', 'description', 'source_id', 'entity_id', 'entity_name', 'rank']
2025-01-05 22:07:52,886 - lightrag - INFO - Node 30 - Clés disponibles : ['entity_type', 'description', 'source_id', 'entity_id', 'entity_name', 'rank']
2025-01-05 22:07:52,886 - lightrag - INFO - Node 31 - Clés disponibles : ['entity_type', 'description', 'source_id', 'entity_id', 'entity_name', 'rank']
2025-01-05 22:07:52,887 - lightrag - INFO - Node 32 - Clés disponibles : ['entity_type', 'description', 'source_id', 'entity_id', 'entity_name', 'rank']
2025-01-05 22:07:52,887 - lightrag - INFO - Node 33 - Clés disponibles : ['entity_type', 'description', 'source_id', 'entity_id', 'entity_name', 'rank']
2025-01-05 22:07:52,887 - lightrag - INFO - Node 34 - Clés disponibles : ['entity_type', 'description', 'source_id', 'entity_id', 'entity_name', 'rank']
2025-01-05 22:07:52,887 - lightrag - INFO - Node 35 - Clés disponibles : ['entity_type', 'description', 'source_id', 'entity_id', 'entity_name', 'rank']
2025-01-05 22:07:52,888 - lightrag - INFO - Node 36 - Clés disponibles : ['entity_type', 'city_conflict', 'custom_id', 'description', 'source_id', 'entity_id', 'entity_name', 'rank']
2025-01-05 22:07:52,888 - lightrag - INFO - Node 37 - Clés disponibles : ['entity_type', 'description', 'source_id', 'entity_id', 'entity_name', 'rank']
2025-01-05 22:07:52,888 - lightrag - INFO - Node 38 - Clés disponibles : ['entity_type', 'description', 'source_id', 'entity_id', 'entity_name', 'rank']
2025-01-05 22:07:52,888 - lightrag - INFO - Node 39 - Clés disponibles : ['entity_type', 'description', 'source_id', 'entity_id', 'entity_name', 'rank']
2025-01-05 22:07:52,889 - lightrag - INFO - Node 40 - Clés disponibles : ['entity_type', 'description', 'source_id', 'entity_id', 'entity_name', 'rank']
2025-01-05 22:07:52,889 - lightrag - INFO - Node 41 - Clés disponibles : ['entity_type', 'description', 'source_id', 'entity_id', 'entity_name', 'rank']
2025-01-05 22:07:52,889 - lightrag - INFO - Node 42 - Clés disponibles : ['entity_type', 'city_conflict', 'custom_id', 'description', 'source_id', 'entity_id', 'entity_name', 'rank']
2025-01-05 22:07:52,889 - lightrag - INFO - Node 43 - Clés disponibles : ['entity_type', 'description', 'source_id', 'entity_id', 'entity_name', 'rank']
2025-01-05 22:07:52,890 - lightrag - INFO - Node 44 - Clés disponibles : ['entity_type', 'description', 'source_id', 'entity_id', 'entity_name', 'rank']
2025-01-05 22:07:52,890 - lightrag - INFO - Node 45 - Clés disponibles : ['entity_type', 'description', 'source_id', 'entity_id', 'entity_name', 'rank']
2025-01-05 22:07:52,890 - lightrag - INFO - Node 46 - Clés disponibles : ['entity_type', 'description', 'source_id', 'entity_id', 'entity_name', 'rank']
2025-01-05 22:07:52,890 - lightrag - INFO - Node 47 - Clés disponibles : ['entity_type', 'description', 'source_id', 'entity_id', 'entity_name', 'rank']
2025-01-05 22:07:52,890 - lightrag - INFO - Node 48 - Clés disponibles : ['entity_type', 'description', 'source_id', 'entity_id', 'entity_name', 'rank']
2025-01-05 22:07:52,891 - lightrag - INFO - Node 49 - Clés disponibles : ['entity_type', 'description', 'source_id', 'entity_id', 'entity_name', 'rank']
2025-01-05 22:07:52,891 - lightrag - INFO - Node 50 - Clés disponibles : ['entity_type', 'description', 'source_id', 'entity_id', 'entity_name', 'rank']
2025-01-05 22:07:52,891 - lightrag - INFO - Nombre de relations : 47
2025-01-05 22:07:52,891 - lightrag - INFO - Relation 0 - Clés disponibles : ['src_tgt', 'rank', 'relation_id', 'keywords', 'weight', 'description', 'source_id', 'type']
2025-01-05 22:07:52,892 - lightrag - INFO - Relation 0 - weight: 1.95
2025-01-05 22:07:52,892 - lightrag - INFO - Relation 1 - Clés disponibles : ['src_tgt', 'rank', 'relation_id', 'keywords', 'weight', 'description', 'source_id', 'type']
2025-01-05 22:07:52,892 - lightrag - INFO - Relation 1 - weight: 1.95
2025-01-05 22:07:52,893 - lightrag - INFO - Relation 2 - Clés disponibles : ['src_tgt', 'rank', 'relation_id', 'keywords', 'weight', 'description', 'source_id', 'type']
2025-01-05 22:07:52,893 - lightrag - INFO - Relation 2 - weight: 1.9
2025-01-05 22:07:52,893 - lightrag - INFO - Relation 3 - Clés disponibles : ['src_tgt', 'rank', 'relation_id', 'keywords', 'weight', 'description', 'source_id', 'type']
2025-01-05 22:07:52,893 - lightrag - INFO - Relation 3 - weight: 1.9
2025-01-05 22:07:52,894 - lightrag - INFO - Relation 4 - Clés disponibles : ['src_tgt', 'rank', 'relation_id', 'keywords', 'weight', 'description', 'source_id', 'type']
2025-01-05 22:07:52,894 - lightrag - INFO - Relation 4 - weight: 1.9
2025-01-05 22:07:52,894 - lightrag - INFO - Relation 5 - Clés disponibles : ['src_tgt', 'rank', 'relation_id', 'keywords', 'weight', 'description', 'source_id', 'type']
2025-01-05 22:07:52,894 - lightrag - INFO - Relation 5 - weight: 1.9
2025-01-05 22:07:52,894 - lightrag - INFO - Relation 6 - Clés disponibles : ['src_tgt', 'rank', 'relation_id', 'keywords', 'weight', 'description', 'source_id', 'type']
2025-01-05 22:07:52,894 - lightrag - INFO - Relation 6 - weight: 1.9
2025-01-05 22:07:52,895 - lightrag - INFO - Relation 7 - Clés disponibles : ['src_tgt', 'rank', 'relation_id', 'keywords', 'weight', 'description', 'source_id', 'type']
2025-01-05 22:07:52,895 - lightrag - INFO - Relation 7 - weight: 1.88
2025-01-05 22:07:52,895 - lightrag - INFO - Relation 8 - Clés disponibles : ['src_tgt', 'rank', 'relation_id', 'keywords', 'weight', 'description', 'source_id', 'type']
2025-01-05 22:07:52,895 - lightrag - INFO - Relation 8 - weight: 1.85
2025-01-05 22:07:52,895 - lightrag - INFO - Relation 9 - Clés disponibles : ['src_tgt', 'rank', 'relation_id', 'keywords', 'weight', 'description', 'source_id', 'type']
2025-01-05 22:07:52,895 - lightrag - INFO - Relation 9 - weight: 1.85
2025-01-05 22:07:52,896 - lightrag - INFO - Relation 10 - Clés disponibles : ['src_tgt', 'rank', 'relation_id', 'keywords', 'weight', 'description', 'source_id', 'type']
2025-01-05 22:07:52,896 - lightrag - INFO - Relation 10 - weight: 1.8
2025-01-05 22:07:52,896 - lightrag - INFO - Relation 11 - Clés disponibles : ['src_tgt', 'rank', 'relation_id', 'keywords', 'weight', 'description', 'source_id', 'type']
2025-01-05 22:07:52,896 - lightrag - INFO - Relation 11 - weight: 1.75
2025-01-05 22:07:52,896 - lightrag - INFO - Relation 12 - Clés disponibles : ['src_tgt', 'rank', 'relation_id', 'keywords', 'weight', 'description', 'source_id', 'type']
2025-01-05 22:07:52,897 - lightrag - INFO - Relation 12 - weight: 1.75
2025-01-05 22:07:52,897 - lightrag - INFO - Relation 13 - Clés disponibles : ['src_tgt', 'rank', 'relation_id', 'keywords', 'weight', 'description', 'source_id', 'type']
2025-01-05 22:07:52,897 - lightrag - INFO - Relation 13 - weight: 1.7
2025-01-05 22:07:52,897 - lightrag - INFO - Relation 14 - Clés disponibles : ['src_tgt', 'rank', 'relation_id', 'keywords', 'weight', 'description', 'source_id', 'type']
2025-01-05 22:07:52,897 - lightrag - INFO - Relation 14 - weight: 1
2025-01-05 22:07:52,898 - lightrag - INFO - Relation 15 - Clés disponibles : ['src_tgt', 'rank', 'relation_id', 'keywords', 'weight', 'description', 'source_id', 'type']
2025-01-05 22:07:52,898 - lightrag - INFO - Relation 15 - weight: 1
2025-01-05 22:07:52,898 - lightrag - INFO - Relation 16 - Clés disponibles : ['src_tgt', 'rank', 'relation_id', 'keywords', 'weight', 'description', 'source_id', 'type']
2025-01-05 22:07:52,898 - lightrag - INFO - Relation 16 - weight: 1.95
2025-01-05 22:07:52,898 - lightrag - INFO - Relation 17 - Clés disponibles : ['src_tgt', 'rank', 'relation_id', 'keywords', 'weight', 'description', 'source_id', 'type']
2025-01-05 22:07:52,898 - lightrag - INFO - Relation 17 - weight: 1.95
2025-01-05 22:07:52,898 - lightrag - INFO - Relation 18 - Clés disponibles : ['src_tgt', 'rank', 'relation_id', 'keywords', 'weight', 'description', 'source_id', 'type']
2025-01-05 22:07:52,899 - lightrag - INFO - Relation 18 - weight: 1.9
2025-01-05 22:07:52,899 - lightrag - INFO - Relation 19 - Clés disponibles : ['src_tgt', 'rank', 'relation_id', 'keywords', 'weight', 'description', 'source_id', 'type']
2025-01-05 22:07:52,899 - lightrag - INFO - Relation 19 - weight: 1.9
2025-01-05 22:07:52,899 - lightrag - INFO - Relation 20 - Clés disponibles : ['src_tgt', 'rank', 'relation_id', 'keywords', 'weight', 'description', 'source_id', 'type']
2025-01-05 22:07:52,899 - lightrag - INFO - Relation 20 - weight: 1.9
2025-01-05 22:07:52,900 - lightrag - INFO - Relation 21 - Clés disponibles : ['src_tgt', 'rank', 'relation_id', 'keywords', 'weight', 'description', 'source_id', 'type']
2025-01-05 22:07:52,900 - lightrag - INFO - Relation 21 - weight: 1.9
2025-01-05 22:07:52,900 - lightrag - INFO - Relation 22 - Clés disponibles : ['src_tgt', 'rank', 'relation_id', 'keywords', 'weight', 'description', 'source_id', 'type']
2025-01-05 22:07:52,900 - lightrag - INFO - Relation 22 - weight: 1.9
2025-01-05 22:07:52,900 - lightrag - INFO - Relation 23 - Clés disponibles : ['src_tgt', 'rank', 'relation_id', 'keywords', 'weight', 'description', 'source_id', 'type']
2025-01-05 22:07:52,900 - lightrag - INFO - Relation 23 - weight: 1.9
2025-01-05 22:07:52,901 - lightrag - INFO - Relation 24 - Clés disponibles : ['src_tgt', 'rank', 'relation_id', 'keywords', 'weight', 'description', 'source_id', 'type']
2025-01-05 22:07:52,901 - lightrag - INFO - Relation 24 - weight: 1.85
2025-01-05 22:07:52,901 - lightrag - INFO - Relation 25 - Clés disponibles : ['src_tgt', 'rank', 'relation_id', 'keywords', 'weight', 'description', 'source_id', 'type']
2025-01-05 22:07:52,901 - lightrag - INFO - Relation 25 - weight: 1.85
2025-01-05 22:07:52,901 - lightrag - INFO - Relation 26 - Clés disponibles : ['src_tgt', 'rank', 'relation_id', 'keywords', 'weight', 'description', 'source_id', 'type']
2025-01-05 22:07:52,902 - lightrag - INFO - Relation 26 - weight: 1.85
2025-01-05 22:07:52,902 - lightrag - INFO - Relation 27 - Clés disponibles : ['src_tgt', 'rank', 'relation_id', 'keywords', 'weight', 'description', 'source_id', 'type']
2025-01-05 22:07:52,902 - lightrag - INFO - Relation 27 - weight: 1.8
2025-01-05 22:07:52,902 - lightrag - INFO - Relation 28 - Clés disponibles : ['src_tgt', 'rank', 'relation_id', 'keywords', 'weight', 'description', 'source_id', 'type']
2025-01-05 22:07:52,902 - lightrag - INFO - Relation 28 - weight: 1.8
2025-01-05 22:07:52,902 - lightrag - INFO - Relation 29 - Clés disponibles : ['src_tgt', 'rank', 'relation_id', 'keywords', 'weight', 'description', 'source_id', 'type']
2025-01-05 22:07:52,903 - lightrag - INFO - Relation 29 - weight: 1.95
2025-01-05 22:07:52,903 - lightrag - INFO - Relation 30 - Clés disponibles : ['src_tgt', 'rank', 'relation_id', 'keywords', 'weight', 'description', 'source_id', 'type']
2025-01-05 22:07:52,903 - lightrag - INFO - Relation 30 - weight: 1.9
2025-01-05 22:07:52,903 - lightrag - INFO - Relation 31 - Clés disponibles : ['src_tgt', 'rank', 'relation_id', 'keywords', 'weight', 'description', 'source_id', 'type']
2025-01-05 22:07:52,903 - lightrag - INFO - Relation 31 - weight: 1.9
2025-01-05 22:07:52,903 - lightrag - INFO - Relation 32 - Clés disponibles : ['src_tgt', 'rank', 'relation_id', 'keywords', 'weight', 'description', 'source_id', 'type']
2025-01-05 22:07:52,903 - lightrag - INFO - Relation 32 - weight: 1.85
2025-01-05 22:07:52,904 - lightrag - INFO - Relation 33 - Clés disponibles : ['src_tgt', 'rank', 'relation_id', 'keywords', 'weight', 'description', 'source_id', 'type']
2025-01-05 22:07:52,904 - lightrag - INFO - Relation 33 - weight: 1.85
2025-01-05 22:07:52,904 - lightrag - INFO - Relation 34 - Clés disponibles : ['src_tgt', 'rank', 'relation_id', 'keywords', 'weight', 'description', 'source_id', 'type']
2025-01-05 22:07:52,904 - lightrag - INFO - Relation 34 - weight: 1.8
2025-01-05 22:07:52,904 - lightrag - INFO - Relation 35 - Clés disponibles : ['src_tgt', 'rank', 'relation_id', 'keywords', 'weight', 'description', 'source_id', 'type']
2025-01-05 22:07:52,904 - lightrag - INFO - Relation 35 - weight: 1.8
2025-01-05 22:07:52,905 - lightrag - INFO - Relation 36 - Clés disponibles : ['src_tgt', 'rank', 'relation_id', 'keywords', 'weight', 'description', 'source_id', 'type']
2025-01-05 22:07:52,905 - lightrag - INFO - Relation 36 - weight: 1.75
2025-01-05 22:07:52,905 - lightrag - INFO - Relation 37 - Clés disponibles : ['src_tgt', 'rank', 'relation_id', 'keywords', 'weight', 'description', 'source_id', 'type']
2025-01-05 22:07:52,905 - lightrag - INFO - Relation 37 - weight: 1.75
2025-01-05 22:07:52,905 - lightrag - INFO - Relation 38 - Clés disponibles : ['src_tgt', 'rank', 'relation_id', 'keywords', 'weight', 'description', 'source_id', 'type']
2025-01-05 22:07:52,906 - lightrag - INFO - Relation 38 - weight: 1.6
2025-01-05 22:07:52,906 - lightrag - INFO - Relation 39 - Clés disponibles : ['src_tgt', 'rank', 'relation_id', 'keywords', 'weight', 'description', 'source_id', 'type']
2025-01-05 22:07:52,906 - lightrag - INFO - Relation 39 - weight: 3.8
2025-01-05 22:07:52,906 - lightrag - INFO - Relation 40 - Clés disponibles : ['src_tgt', 'rank', 'relation_id', 'keywords', 'weight', 'description', 'source_id', 'type']
2025-01-05 22:07:52,906 - lightrag - INFO - Relation 40 - weight: 3.8
2025-01-05 22:07:52,907 - lightrag - INFO - Relation 41 - Clés disponibles : ['src_tgt', 'rank', 'relation_id', 'keywords', 'weight', 'description', 'source_id', 'type']
2025-01-05 22:07:52,907 - lightrag - INFO - Relation 41 - weight: 3.7
2025-01-05 22:07:52,907 - lightrag - INFO - Relation 42 - Clés disponibles : ['src_tgt', 'rank', 'relation_id', 'keywords', 'weight', 'description', 'source_id', 'type']
2025-01-05 22:07:52,907 - lightrag - INFO - Relation 42 - weight: 3.6
2025-01-05 22:07:52,907 - lightrag - INFO - Relation 43 - Clés disponibles : ['src_tgt', 'rank', 'relation_id', 'keywords', 'weight', 'description', 'source_id', 'type']
2025-01-05 22:07:52,907 - lightrag - INFO - Relation 43 - weight: 1.85
2025-01-05 22:07:52,908 - lightrag - INFO - Relation 44 - Clés disponibles : ['src_tgt', 'rank', 'relation_id', 'keywords', 'weight', 'description', 'source_id', 'type']
2025-01-05 22:07:52,908 - lightrag - INFO - Relation 44 - weight: 1.85
2025-01-05 22:07:52,908 - lightrag - INFO - Relation 45 - Clés disponibles : ['src_tgt', 'rank', 'relation_id', 'keywords', 'weight', 'description', 'source_id', 'type']
2025-01-05 22:07:52,908 - lightrag - INFO - Relation 45 - weight: 1.85
2025-01-05 22:07:52,908 - lightrag - INFO - Relation 46 - Clés disponibles : ['src_tgt', 'rank', 'relation_id', 'keywords', 'weight', 'description', 'source_id', 'type']
2025-01-05 22:07:52,908 - lightrag - INFO - Relation 46 - weight: 1.85
2025-01-05 22:07:53,663 - lightrag - ERROR - 🌐 Aucun filtre d'ID spécifié, exportation de toute la collection
2025-01-05 22:07:53,677 - lightrag - INFO - Résultats de recherche - Nombre de résultats: 47
